<?xml version="1.0" encoding="UTF-8"?>
<!-- Generated by org.testng.reporters.JUnitReportReporter -->
<testsuite hostname="DESKTOP-9DLGQV9" failures="0" tests="2" name="TestScript.DashboardTest" time="18.067" errors="0" timestamp="2023-05-23T13:44:36 IST" skipped="0">
  <testcase classname="TestScript.DashboardTest" name="LoginTest" time="1.155"/>
  <testcase classname="TestScript.DashboardTest" name="DahsboradTest" time="16.912"/>
</testsuite> <!-- TestScript.DashboardTest -->
