<?xml version="1.0" encoding="UTF-8"?>
<!-- Generated by org.testng.reporters.JUnitReportReporter -->
<testsuite hostname="DESKTOP-9DLGQV9" failures="0" tests="2" name="TestScript.DashboardTest" time="14.343" errors="0" timestamp="2023-05-24T19:11:56 IST" skipped="0">
  <testcase classname="TestScript.DashboardTest" name="LoginTest" time="1.086"/>
  <system-out/>
  <testcase classname="TestScript.DashboardTest" name="DahsboradTest" time="13.257"/>
  <system-out/>
</testsuite> <!-- TestScript.DashboardTest -->
